============================================================
   Tang Dynasty, V5.6.71036
      Copyright (c) 2012-2023 Anlogic Inc.
   Executable = E:/Programs/Anlogic/TD5.6.2/bin/td.exe
   Built at =   20:34:38 Mar 21 2023
   Run by =     shear
   Run Date =   Thu Nov 27 09:05:37 2025

   Run on =     SHEARYAH-LAPTOP
============================================================
RUN-1001 : launch_runs syn_1 phy_1  -jobs 6.
RUN-1001 : syn_1: run complete.
RUN-1001 : phy_1: run complete.
RUN-1001 : open_run phy_1.
RUN-1002 : start command "import_db E:/ProgramData/Anlogic/calculator/calculator_Runs/phy_1/calculator_pr.db"
RUN-1001 : Importing database generated by Tang Dynasty, V5.6.71036.
RUN-1001 : Database version number 46146.
RUN-1001 : Import flow parameters
PHY-1001 : Generate detailed routing grids ...
PHY-1001 : Processed IO instance col[3]_syn_4 with INV attribute.
PHY-1001 : Processed IO instance col[2]_syn_4 with INV attribute.
PHY-1001 : Processed IO instance col[1]_syn_4 with INV attribute.
PHY-1001 : Processed IO instance col[0]_syn_4 with INV attribute.
PHY-1001 : Generate nets ...
PHY-1001 : net clk_dup_1 will be routed on clock mesh
PHY-1001 : clock net u_key_driver/clk_syn_4 will be merged with clock u_key_driver/clk
PHY-1001 : eco open net = 0
PHY-1001 : 7 feed throughs used by 7 nets
RUN-1001 : Import IO constraints
RUN-1001 : Import Inst constraints
RUN-1001 : Import design success TD_VERSION=5.6.71036 , DB_VERSION=46146
RUN-1003 : finish command "import_db E:/ProgramData/Anlogic/calculator/calculator_Runs/phy_1/calculator_pr.db" in  3.520408s wall, 2.656250s user + 0.218750s system = 2.875000s CPU (81.7%)

RUN-1004 : used memory is 471 MB, reserved memory is 433 MB, peak memory is 535 MB
RUN-1002 : start command "download -bit calculator_Runs\phy_1\calculator.bit -mode jtag -spd 7 -sec 64 -cable 0"
PRG-2014 : Chip validation success: EAGLE_S20_BG256
RUN-1002 : start command "bit_to_vec -chip EAGLE_S20_BG256 -m jtag_burst -freq 4 -bit calculator_Runs/phy_1/calculator.bit"
RUN-1002 : start command "program -cable 0 -mode svf -spd 7 -p"
RUN-1003 : finish command "program -cable 0 -mode svf -spd 7 -p" in  6.525499s wall, 0.203125s user + 0.250000s system = 0.453125s CPU (6.9%)

RUN-1004 : used memory is 557 MB, reserved memory is 484 MB, peak memory is 573 MB
RUN-1003 : finish command "download -bit calculator_Runs\phy_1\calculator.bit -mode jtag -spd 7 -sec 64 -cable 0" in  6.759388s wall, 0.265625s user + 0.296875s system = 0.562500s CPU (8.3%)

RUN-1004 : used memory is 557 MB, reserved memory is 484 MB, peak memory is 573 MB
GUI-1001 : Downloading succeeded!
GUI-5005 WARNING: Unknown file icon ...
RUN-1001 : reset_run syn_1 phy_1.
GUI-6001 WARNING: File E:/ProgramData/Anlogic/calculator/calculator_Runs/phy_1/calculator.bit does not exist!
RUN-1001 : launch_runs syn_1 phy_1  -jobs 6.
RUN-1001 : syn_1: run complete.
RUN-1001 : phy_1: run complete.
RUN-1001 : open_run phy_1.
RUN-1002 : start command "import_db E:/ProgramData/Anlogic/calculator/calculator_Runs/phy_1/calculator_pr.db"
RUN-1001 : Importing database generated by Tang Dynasty, V5.6.71036.
RUN-1001 : Database version number 46146.
RUN-1001 : Import flow parameters
PHY-1001 : Generate detailed routing grids ...
PHY-1001 : Processed IO instance col[3]_syn_4 with INV attribute.
PHY-1001 : Processed IO instance col[2]_syn_4 with INV attribute.
PHY-1001 : Processed IO instance col[1]_syn_4 with INV attribute.
PHY-1001 : Processed IO instance col[0]_syn_4 with INV attribute.
PHY-1001 : Generate nets ...
PHY-1001 : net clk_dup_1 will be routed on clock mesh
PHY-1001 : clock net u_key_driver/clk_syn_4 will be merged with clock u_key_driver/clk
PHY-1001 : eco open net = 0
PHY-1001 : 6 feed throughs used by 5 nets
RUN-1001 : Import IO constraints
RUN-1001 : Import Inst constraints
RUN-1001 : Import design success TD_VERSION=5.6.71036 , DB_VERSION=46146
RUN-1003 : finish command "import_db E:/ProgramData/Anlogic/calculator/calculator_Runs/phy_1/calculator_pr.db" in  2.241332s wall, 1.859375s user + 0.265625s system = 2.125000s CPU (94.8%)

RUN-1004 : used memory is 534 MB, reserved memory is 461 MB, peak memory is 598 MB
