============================================================
   Tang Dynasty, V5.6.71036
      Copyright (c) 2012-2023 Anlogic Inc.
   Executable = E:/Programs/Anlogic/TD5.6.2/bin/td.exe
   Built at =   20:34:38 Mar 21 2023
   Run by =     shear
   Run Date =   Thu Nov 27 09:07:11 2025

   Run on =     SHEARYAH-LAPTOP
============================================================
RUN-1002 : start command "open_project calculator.prj"
RUN-1001 : Print Global Property
RUN-1001 : ---------------------------------------------------------------
RUN-1001 :        Parameters        |  Settings  |  Default Values  |  Note  
RUN-1001 : ---------------------------------------------------------------
RUN-1001 :          message         |  standard  |     standard     |        
RUN-1001 :   mixed_pack_place_flow  |     on     |        on        |        
RUN-1001 :        qor_monitor       |    off     |       off        |        
RUN-1001 :        syn_ip_flow       |    off     |       off        |        
RUN-1001 :          thread          |    auto    |       auto       |        
RUN-1001 : ---------------------------------------------------------------
RUN-1001 : Print Design Property
RUN-1001 : --------------------------------------------------------------
RUN-1001 :        Parameters       |  Settings  |  Default Values  |  Note  
RUN-1001 : --------------------------------------------------------------
RUN-1001 :   default_reg_initial   |    auto    |       auto       |        
RUN-1001 :        infer_add        |     on     |        on        |        
RUN-1001 :        infer_fsm        |    off     |       off        |        
RUN-1001 :        infer_mult       |     on     |        on        |        
RUN-1001 :        infer_ram        |     on     |        on        |        
RUN-1001 :        infer_reg        |     on     |        on        |        
RUN-1001 :   infer_reg_init_value  |     on     |        on        |        
RUN-1001 :        infer_rom        |     on     |        on        |        
RUN-1001 :      infer_shifter      |     on     |        on        |        
RUN-1001 : --------------------------------------------------------------
RUN-1001 : Print Rtl Property
RUN-1001 : --------------------------------------------------------------
RUN-1001 :        Parameters       |  Settings  |  Default Values  |  Note  
RUN-1001 : --------------------------------------------------------------
RUN-1001 :       compress_add      |   ripple   |      ripple      |        
RUN-1001 :        elf_sload        |    off     |       off        |        
RUN-1001 :       fix_undriven      |     0      |        0         |        
RUN-1001 :         flatten         |    off     |       off        |        
RUN-1001 :       gate_sharing      |     on     |        on        |        
RUN-1001 :    hdl_warning_level    |   normal   |      normal      |        
RUN-1001 :   impl_internal_tribuf  |     on     |        on        |        
RUN-1001 :      impl_set_reset     |     on     |        on        |        
RUN-1001 :        infer_gsr        |    off     |       off        |        
RUN-1001 :      keep_hierarchy     |    auto    |       auto       |        
RUN-1001 :        max_fanout       |    9999    |       9999       |        
RUN-1001 :      max_oh2bin_len     |     10     |        10        |        
RUN-1001 :       merge_equal       |     on     |        on        |        
RUN-1001 :       merge_equiv       |     on     |        on        |        
RUN-1001 :        merge_mux        |    off     |       off        |        
RUN-1001 :     min_control_set     |     8      |        8         |        
RUN-1001 :      min_ripple_len     |    auto    |       auto       |        
RUN-1001 :       oh2bin_ratio      |    0.08    |       0.08       |        
RUN-1001 :     opt_adder_fanout    |     on     |        on        |        
RUN-1001 :        opt_arith        |     on     |        on        |        
RUN-1001 :       opt_big_gate      |    off     |       off        |        
RUN-1001 :        opt_const        |     on     |        on        |        
RUN-1001 :      opt_const_mult     |     on     |        on        |        
RUN-1001 :       opt_lessthan      |     on     |        on        |        
RUN-1001 :         opt_mux         |    off     |       off        |        
RUN-1001 :         opt_ram         |    high    |       high       |        
RUN-1001 :      rtl_sim_model      |    off     |       off        |        
RUN-1001 :         seq_syn         |     on     |        on        |        
RUN-1001 : --------------------------------------------------------------
HDL-1007 : analyze verilog file ../../src/alu.v
HDL-1007 : analyze verilog file ../../src/bcd_converter.v
HDL-1007 : analyze verilog file ../../src/buzzer.v
HDL-1007 : analyze verilog file ../../src/calc.v
HDL-1007 : analyze verilog file ../../src/display.v
HDL-1007 : analyze verilog file ../../src/key_scan.v
HDL-1007 : analyze verilog file ../../src/led.v
HDL-1007 : analyze verilog file ../../src/top.v
RUN-1001 : Project manager successfully analyzed 8 source files.
RUN-1002 : start command "import_device eagle_s20.db -package EG4S20BG256"
ARC-1001 : Device Initialization.
ARC-1001 : ------------------------------------------------------------------
ARC-1001 :            OPTION            |          IO          |   SETTING   
ARC-1001 : ------------------------------------------------------------------
ARC-1001 :   cso_b/cclk/mosi/miso/dout  |  T3/R11/T10/P10/S11  |    gpio    
ARC-1001 :             done             |         P13          |    gpio    
ARC-1001 :           program_b          |          T2          |  dedicate  
ARC-1001 :        tdi/tms/tck/tdo       |   C12/A15/C14/E14    |  dedicate  
ARC-1001 : ------------------------------------------------------------------
ARC-1004 : Device setting, marked 5 dedicate IOs in total.
RUN-1002 : start command "import_db ../syn_1/calculator_gate.db"
RUN-1001 : Importing database generated by Tang Dynasty, V5.6.71036.
RUN-1001 : Database version number 46146.
RUN-1001 : Import flow parameters
RUN-1001 : Import IO constraints
RUN-1001 : Import Inst constraints
RUN-1001 : Import design success TD_VERSION=5.6.71036 , DB_VERSION=46146
RUN-1002 : start command "place"
RUN-1001 : Open license file E:/Programs/Anlogic/TD5.6.2/license/Anlogic.lic
RUN-1001 : Print Global Property
RUN-1001 : ---------------------------------------------------------------
RUN-1001 :        Parameters        |  Settings  |  Default Values  |  Note  
RUN-1001 : ---------------------------------------------------------------
RUN-1001 :          message         |  standard  |     standard     |        
RUN-1001 :   mixed_pack_place_flow  |     on     |        on        |        
RUN-1001 :        qor_monitor       |    off     |       off        |        
RUN-1001 :        syn_ip_flow       |    off     |       off        |        
RUN-1001 :          thread          |    auto    |       auto       |        
RUN-1001 : ---------------------------------------------------------------
RUN-1001 : Print Place Property
RUN-1001 : --------------------------------------------------------------
RUN-1001 :        Parameters       |  Settings  |  Default Values  |  Note  
RUN-1001 : --------------------------------------------------------------
RUN-1001 :      detailed_place     |     on     |        on        |        
RUN-1001 :          effort         |   medium   |      medium      |        
RUN-1001 :         fix_hold        |    off     |       off        |        
RUN-1001 :       legalization      |    ori     |       ori        |        
RUN-1001 :      new_spreading      |     on     |        on        |        
RUN-1001 :        opt_timing       |   medium   |      medium      |        
RUN-1001 :   post_clock_route_opt  |    off     |       off        |        
RUN-1001 :       pr_strategy       |     1      |        1         |        
RUN-1001 :        relaxation       |    1.00    |       1.00       |        
RUN-1001 :         retiming        |    off     |       off        |        
RUN-1001 : --------------------------------------------------------------
PHY-3001 : Placer runs in 32 thread(s).
RUN-1002 : start command "legalize_phy_inst"
SYN-1011 : Flatten model top
RUN-1002 : start command "phys_opt -simplify_lut"
SYN-4024 : Net "clk_dup_1" drives clk pins.
SYN-4024 : Net "u_key_driver/clk" drives clk pins.
SYN-4025 : Tag rtl::Net clk_dup_1 as clock net
SYN-4025 : Tag rtl::Net u_key_driver/clk as clock net
SYN-4026 : Tagged 2 rtl::Net as clock net
SYN-4015 : Create BUFG instance for clk Net u_key_driver/clk to drive 56 clock pins.
PHY-1001 : Populate physical database on model top.
RUN-1001 : There are total 927 instances
RUN-0007 : 484 luts, 195 seqs, 132 mslices, 71 lslices, 39 pads, 0 brams, 2 dsps
RUN-1001 : There are total 1120 nets
RUN-1001 : 678 nets have 2 pins
RUN-1001 : 305 nets have [3 - 5] pins
RUN-1001 : 98 nets have [6 - 10] pins
RUN-1001 : 18 nets have [11 - 20] pins
RUN-1001 : 18 nets have [21 - 99] pins
RUN-1001 : 3 nets have 100+ pins
RUN-1001 : Report Control nets information:
RUN-1001 : DFF Distribution
RUN-1001 : ----------------------------------
RUN-1001 :   CE   |  SSR  |  ASR  |  DFF Count  
RUN-1001 : ----------------------------------
RUN-1001 :   No   |  No   |  No   |     95      
RUN-1001 :   No   |  No   |  Yes  |     41      
RUN-1001 :   No   |  Yes  |  No   |     25      
RUN-1001 :   Yes  |  No   |  No   |      0      
RUN-1001 :   Yes  |  No   |  Yes  |     34      
RUN-1001 :   Yes  |  Yes  |  No   |      0      
RUN-1001 : ----------------------------------
RUN-0007 : Control Group Statistic
RUN-0007 : ---------------------------
RUN-0007 :   #CLK  |  #CE  |  #SSR/ASR  
RUN-0007 : ---------------------------
RUN-0007 :    2    |   4   |     4      
RUN-0007 : ---------------------------
RUN-0007 : Control Set = 8
PHY-3001 : Initial placement ...
PHY-3001 : design contains 925 instances, 484 luts, 195 seqs, 203 slices, 37 macros(203 instances: 132 mslices 71 lslices)
PHY-0007 : Cell area utilization is 4%
PHY-3001 : Global placement ...
PHY-3001 : Initial: Len = 281996
PHY-3001 : Clustering ...
PHY-3001 : Level 0 #clusters 925.
PHY-3001 : End clustering;  0.000015s wall, 0.000000s user + 0.000000s system = 0.000000s CPU (n/a%)

PHY-3001 : Run with size of 4
PHY-3001 : Cell area utilization is 4%
PHY-3001 : :::0::: Try harder cell spreading with beta_ = 0
PHY-3002 : Step(1): len = 177673, overlap = 4.5
PHY-3002 : Step(2): len = 154230, overlap = 4.5
PHY-3002 : Step(3): len = 103794, overlap = 4.5
PHY-3002 : Step(4): len = 102152, overlap = 4.5
PHY-3002 : Step(5): len = 80196.4, overlap = 4.5
PHY-3002 : Step(6): len = 73026.4, overlap = 4.5
PHY-3002 : Step(7): len = 70611.9, overlap = 4.5
PHY-3002 : Step(8): len = 71324.7, overlap = 4.5
PHY-3002 : Step(9): len = 60383.1, overlap = 4.5
PHY-3002 : Step(10): len = 60966.3, overlap = 4.5
PHY-3002 : Step(11): len = 52457.1, overlap = 2.25
PHY-3002 : Step(12): len = 50803.2, overlap = 4.5
PHY-3002 : Step(13): len = 51148.5, overlap = 4.5
PHY-3001 : :::1::: Try harder cell spreading with beta_ = 0.000427007
PHY-3002 : Step(14): len = 50309.7, overlap = 2.25
PHY-3002 : Step(15): len = 49567.2, overlap = 2.25
PHY-3002 : Step(16): len = 49359.7, overlap = 2.25
PHY-3002 : Step(17): len = 48986.4, overlap = 2.25
PHY-3002 : Step(18): len = 48331.8, overlap = 4.5
PHY-3002 : Step(19): len = 48164.9, overlap = 4.5
PHY-3002 : Step(20): len = 47065.1, overlap = 0
PHY-3002 : Step(21): len = 46097, overlap = 2.25
PHY-3002 : Step(22): len = 44494.7, overlap = 2.25
PHY-3002 : Step(23): len = 41361.4, overlap = 2.3125
PHY-3002 : Step(24): len = 40950.2, overlap = 2.8125
PHY-3002 : Step(25): len = 40223.1, overlap = 5.3125
PHY-3002 : Step(26): len = 39236.2, overlap = 7.75
PHY-3002 : Step(27): len = 37800.2, overlap = 6.125
PHY-3002 : Step(28): len = 36629.9, overlap = 5.4375
PHY-3002 : Step(29): len = 36616.7, overlap = 5.4375
PHY-3002 : Step(30): len = 35938.5, overlap = 8.1875
PHY-3002 : Step(31): len = 35841, overlap = 8.1875
PHY-3002 : Step(32): len = 35758.7, overlap = 8.09375
PHY-3002 : Step(33): len = 35529.9, overlap = 11.4688
PHY-3002 : Step(34): len = 34260.9, overlap = 6
PHY-3002 : Step(35): len = 34077.9, overlap = 6.34375
PHY-3002 : Step(36): len = 33549.8, overlap = 5.96875
PHY-3002 : Step(37): len = 33340.7, overlap = 2.9375
PHY-3002 : Step(38): len = 32356.9, overlap = 5.1875
PHY-3002 : Step(39): len = 32306.9, overlap = 5.1875
PHY-3002 : Step(40): len = 31736.2, overlap = 5.8125
PHY-3002 : Step(41): len = 30852.6, overlap = 8
PHY-3002 : Step(42): len = 30878.9, overlap = 8.25
PHY-3002 : Step(43): len = 30057.2, overlap = 12.75
PHY-3002 : Step(44): len = 29974.4, overlap = 12.75
PHY-3002 : Step(45): len = 29450.9, overlap = 13.5312
PHY-3002 : Step(46): len = 28974.3, overlap = 14.7812
PHY-3002 : Step(47): len = 28904.9, overlap = 15.4688
PHY-3002 : Step(48): len = 28733.8, overlap = 15.5625
PHY-3002 : Step(49): len = 28331, overlap = 16.0938
PHY-3002 : Step(50): len = 28268.5, overlap = 18.5938
PHY-3002 : Step(51): len = 27799.2, overlap = 19.2812
PHY-3002 : Step(52): len = 27755.2, overlap = 19.2812
PHY-3002 : Step(53): len = 27691.2, overlap = 19.5312
PHY-3001 : :::2::: Try harder cell spreading with beta_ = 0.000854015
PHY-3002 : Step(54): len = 27742, overlap = 19.7812
PHY-3002 : Step(55): len = 27759.6, overlap = 19.7812
PHY-3001 : :::3::: Try harder cell spreading with beta_ = 0.00170803
PHY-3002 : Step(56): len = 27666.4, overlap = 17.7812
PHY-3002 : Step(57): len = 27642, overlap = 17.7812
PHY-3001 : :::4::: Try harder cell spreading with beta_ = 0.00341606
PHY-3002 : Step(58): len = 27647.1, overlap = 18.2188
PHY-3002 : Step(59): len = 27666.3, overlap = 18.2188
PHY-3001 : :::5::: Try harder cell spreading with beta_ = 0.00683212
PHY-3002 : Step(60): len = 27599.7, overlap = 18.2188
PHY-3002 : Step(61): len = 27576.1, overlap = 18.2188
PHY-3001 : :::6::: Try harder cell spreading with beta_ = 0.0136642
PHY-3002 : Step(62): len = 27565.5, overlap = 18.2188
PHY-3002 : Step(63): len = 27595.8, overlap = 18.2188
PHY-3001 : Legalization ...
PHY-3001 : End legalization;  0.007815s wall, 0.031250s user + 0.031250s system = 0.062500s CPU (799.8%)

PHY-3001 : Run with size of 4
PHY-3001 : Cell area utilization is 5%
PHY-3001 : :::0::: Try harder cell spreading with beta_ = 5.08229e-06
PHY-3002 : Step(64): len = 27628.7, overlap = 37.3438
PHY-3002 : Step(65): len = 27712, overlap = 35.7812
PHY-3002 : Step(66): len = 26166.1, overlap = 37.375
PHY-3002 : Step(67): len = 26257, overlap = 37.2812
PHY-3002 : Step(68): len = 25154.1, overlap = 32.3438
PHY-3002 : Step(69): len = 24408.8, overlap = 30.8125
PHY-3002 : Step(70): len = 23608.3, overlap = 36.125
PHY-3002 : Step(71): len = 23850.7, overlap = 33.125
PHY-3002 : Step(72): len = 23652.7, overlap = 28.4062
PHY-3002 : Step(73): len = 23086.1, overlap = 30.0938
PHY-3002 : Step(74): len = 22686.5, overlap = 33.9688
PHY-3002 : Step(75): len = 22422.2, overlap = 33.4688
PHY-3002 : Step(76): len = 22707.2, overlap = 33.4688
PHY-3002 : Step(77): len = 22198.1, overlap = 33.5312
PHY-3002 : Step(78): len = 22340.2, overlap = 32.0312
PHY-3002 : Step(79): len = 22646.5, overlap = 33.5625
PHY-3002 : Step(80): len = 22839.5, overlap = 34.375
PHY-3002 : Step(81): len = 22962.4, overlap = 31.0312
PHY-3002 : Step(82): len = 22235.6, overlap = 29.875
PHY-3002 : Step(83): len = 22221.9, overlap = 30.4375
PHY-3002 : Step(84): len = 22395.8, overlap = 30.5938
PHY-3002 : Step(85): len = 22574.4, overlap = 31.4688
PHY-3002 : Step(86): len = 22098.1, overlap = 31.9688
PHY-3002 : Step(87): len = 21337, overlap = 33.0938
PHY-3002 : Step(88): len = 21371.1, overlap = 33.8438
PHY-3002 : Step(89): len = 20843.9, overlap = 38.9688
PHY-3002 : Step(90): len = 20819.7, overlap = 41.0312
PHY-3002 : Step(91): len = 20599.8, overlap = 40.2188
PHY-3002 : Step(92): len = 20187.1, overlap = 40.3125
PHY-3002 : Step(93): len = 20089.8, overlap = 44.3125
PHY-3002 : Step(94): len = 19537.3, overlap = 50.0938
PHY-3002 : Step(95): len = 19049.5, overlap = 54.9688
PHY-3002 : Step(96): len = 19105.8, overlap = 55.0625
PHY-3002 : Step(97): len = 18934.4, overlap = 56.9062
PHY-3001 : :::1::: Try harder cell spreading with beta_ = 1.01646e-05
PHY-3002 : Step(98): len = 18577, overlap = 56.6562
PHY-3002 : Step(99): len = 18577, overlap = 56.6562
PHY-3001 : :::2::: Try harder cell spreading with beta_ = 2.03292e-05
PHY-3002 : Step(100): len = 19162.6, overlap = 48.0625
PHY-3002 : Step(101): len = 19162.6, overlap = 48.0625
PHY-3002 : Step(102): len = 18823.1, overlap = 47.9688
PHY-3001 : :::3::: Try harder cell spreading with beta_ = 4.06583e-05
PHY-3002 : Step(103): len = 20025.1, overlap = 36.4062
PHY-3002 : Step(104): len = 20025.1, overlap = 36.4062
PHY-3002 : Step(105): len = 19351, overlap = 37.4375
PHY-3002 : Step(106): len = 19447.9, overlap = 37.5
PHY-3002 : Step(107): len = 19591.5, overlap = 37.9688
PHY-3001 : :::4::: Try harder cell spreading with beta_ = 8.13166e-05
PHY-3002 : Step(108): len = 19738.4, overlap = 35.9062
PHY-3002 : Step(109): len = 19884.5, overlap = 35.6875
PHY-3002 : Step(110): len = 20289.8, overlap = 31.5938
PHY-3002 : Step(111): len = 20033.7, overlap = 29.1562
PHY-3002 : Step(112): len = 19624.6, overlap = 31.0625
PHY-3002 : Step(113): len = 19626.9, overlap = 30.375
PHY-3001 : Run with size of 2
PHY-3001 : Cell area utilization is 5%
PHY-3001 : :::0::: Try harder cell spreading with beta_ = 8.6977e-06
PHY-3002 : Step(114): len = 20683.2, overlap = 65.6562
PHY-3002 : Step(115): len = 20683.2, overlap = 65.6562
PHY-3002 : Step(116): len = 20268.5, overlap = 66.2812
PHY-3002 : Step(117): len = 20310.4, overlap = 66.2812
PHY-3002 : Step(118): len = 20696.7, overlap = 61.5625
PHY-3002 : Step(119): len = 20790.1, overlap = 58.9062
PHY-3002 : Step(120): len = 20640.6, overlap = 58.4062
PHY-3002 : Step(121): len = 20736.1, overlap = 58.6562
PHY-3002 : Step(122): len = 21018.8, overlap = 57.875
PHY-3001 : :::1::: Try harder cell spreading with beta_ = 1.73954e-05
PHY-3002 : Step(123): len = 21031.1, overlap = 49.7812
PHY-3002 : Step(124): len = 21031.1, overlap = 49.7812
PHY-3002 : Step(125): len = 20996.3, overlap = 47.4062
PHY-3001 : :::2::: Try harder cell spreading with beta_ = 3.47908e-05
PHY-3002 : Step(126): len = 21829.1, overlap = 47.4062
PHY-3002 : Step(127): len = 22025.9, overlap = 46.3438
PHY-3002 : Step(128): len = 22209.7, overlap = 42.0312
PHY-3001 : :::3::: Try harder cell spreading with beta_ = 6.95816e-05
PHY-3002 : Step(129): len = 22630.5, overlap = 38.2188
PHY-3002 : Step(130): len = 22836.8, overlap = 35.2812
PHY-3002 : Step(131): len = 23255.1, overlap = 34.125
PHY-3001 : :::4::: Try harder cell spreading with beta_ = 0.000139163
PHY-3002 : Step(132): len = 23249.7, overlap = 32.25
PHY-3002 : Step(133): len = 23276.3, overlap = 32.6875
PHY-3002 : Step(134): len = 23419.1, overlap = 31.6875
PHY-3001 : :::5::: Try harder cell spreading with beta_ = 0.000278326
PHY-3002 : Step(135): len = 23836.2, overlap = 30.7188
PHY-3002 : Step(136): len = 24117.4, overlap = 29.4375
PHY-3002 : Step(137): len = 24253.9, overlap = 26.6875
PHY-3001 : :::6::: Try harder cell spreading with beta_ = 0.000556653
PHY-3002 : Step(138): len = 24258.2, overlap = 27.4375
PHY-3002 : Step(139): len = 24281.3, overlap = 27.7188
PHY-3001 : :::7::: Try harder cell spreading with beta_ = 0.00109268
PHY-3002 : Step(140): len = 24483.3, overlap = 25.9688
PHY-3002 : Step(141): len = 24616.4, overlap = 24.4688
OPT-1001 : Start physical optimization ...
OPT-1001 : Total overflow 63.16 peak overflow 3.53
OPT-1001 : Start high-fanout net optimization ...
OPT-1001 : Update timing in global mode
PHY-1001 : Start incremental global routing, caller is place ...
RUN-1001 : Generating global routing grids ...
RUN-1001 : Building simple global routing graph ...
PHY-1001 : Generate routing nets ...
PHY-1001 : Reuse net number 0/1120.
PHY-1001 : Global iterations in 32 thread ...
PHY-1002 : len = 28816, over cnt = 121(0%), over = 390, worst = 13
PHY-1001 : End global iterations;  0.054759s wall, 0.062500s user + 0.078125s system = 0.140625s CPU (256.8%)

PHY-1001 : Congestion index: top1 = 28.51, top5 = 16.41, top10 = 10.15, top15 = 6.95.
PHY-1001 : End incremental global routing;  0.091119s wall, 0.093750s user + 0.078125s system = 0.171875s CPU (188.6%)

RUN-1002 : start command "start_timer -report"
TMR-5001 WARNING: No sdc constraints found while initiating timer.
TMR-2505 : Start building timing graph for model top.
TMR-2506 : Build timing graph completely. Port num: 9, tpin num: 4343, tnet num: 1118, tinst num: 925, tnode num: 4938, tedge num: 7123.
TMR-2508 : Levelizing timing graph completed, there are 227 levels in total.
TMR-2501 : Timing graph initialized successfully.
OPT-1001 : End timing update;  0.163412s wall, 0.156250s user + 0.015625s system = 0.171875s CPU (105.2%)

OPT-1001 : 0 high-fanout net processed.
OPT-1001 : End high-fanout net optimization;  0.261827s wall, 0.250000s user + 0.093750s system = 0.343750s CPU (131.3%)

OPT-1001 : Current memory(MB): used = 181, reserve = 152, peak = 181.
OPT-1001 : End physical optimization;  0.268257s wall, 0.250000s user + 0.093750s system = 0.343750s CPU (128.1%)

PHY-3001 : Start packing ...
SYN-4007 : Packing 0 MUX to BLE ...
SYN-4008 : Packed 0 MUX and 0 SEQ to BLE.
SYN-4007 : Packing 484 LUT to BLE ...
SYN-4008 : Packed 484 LUT and 93 SEQ to BLE.
SYN-4003 : Packing 102 remaining SEQ's ...
SYN-4005 : Packed 56 SEQ with LUT/SLICE
SYN-4006 : 343 single LUT's are left
SYN-4006 : 46 single SEQ's are left
SYN-4011 : Packing model "top" (AL_USER_NORMAL) with 530/778 primitive instances ...
PHY-3001 : End packing;  0.015555s wall, 0.015625s user + 0.000000s system = 0.015625s CPU (100.5%)

PHY-1001 : Populate physical database on model top.
RUN-1001 : There are total 530 instances
RUN-1001 : 242 mslices, 243 lslices, 39 pads, 0 brams, 2 dsps
RUN-1001 : There are total 1047 nets
RUN-1001 : 600 nets have 2 pins
RUN-1001 : 303 nets have [3 - 5] pins
RUN-1001 : 109 nets have [6 - 10] pins
RUN-1001 : 14 nets have [11 - 20] pins
RUN-1001 : 18 nets have [21 - 99] pins
RUN-1001 : 3 nets have 100+ pins
PHY-3001 : design contains 528 instances, 485 slices, 37 macros(203 instances: 132 mslices 71 lslices)
PHY-3001 : Cell area utilization is 6%
PHY-3001 : After packing: Len = 25810.6, Over = 31.75
PHY-3001 : Run with size of 2
PHY-3001 : Cell area utilization is 6%
PHY-3001 : :::0::: Try harder cell spreading with beta_ = 4.87551e-05
PHY-3002 : Step(142): len = 24501.8, overlap = 34
PHY-3002 : Step(143): len = 24480.6, overlap = 34
PHY-3002 : Step(144): len = 24164.2, overlap = 34.5
PHY-3001 : :::1::: Try harder cell spreading with beta_ = 9.75102e-05
PHY-3002 : Step(145): len = 24496, overlap = 33.75
PHY-3002 : Step(146): len = 24680.5, overlap = 31.25
PHY-3002 : Step(147): len = 24680.5, overlap = 31.25
PHY-3001 : :::2::: Try harder cell spreading with beta_ = 0.00019502
PHY-3002 : Step(148): len = 25105.3, overlap = 29
PHY-3002 : Step(149): len = 25105.3, overlap = 29
PHY-3001 : Legalization ...
PHY-3001 : End legalization;  0.161590s wall, 0.281250s user + 0.328125s system = 0.609375s CPU (377.1%)

PHY-3001 : Trial Legalized: Len = 32355.2
PHY-3001 : Run with size of 2
PHY-3001 : Cell area utilization is 6%
PHY-3001 : :::0::: Try harder cell spreading with beta_ = 0.00138958
PHY-3002 : Step(150): len = 29402.4, overlap = 5.25
PHY-3002 : Step(151): len = 28765.7, overlap = 7.75
PHY-3002 : Step(152): len = 27407.6, overlap = 11.5
PHY-3002 : Step(153): len = 27123.3, overlap = 12
PHY-3002 : Step(154): len = 26213.6, overlap = 12.75
PHY-3002 : Step(155): len = 26114.6, overlap = 13.5
PHY-3002 : Step(156): len = 26161.3, overlap = 14.75
PHY-3002 : Step(157): len = 26139.8, overlap = 15.5
PHY-3002 : Step(158): len = 25936.4, overlap = 15.25
PHY-3001 : Legalization ...
PHY-3001 : End legalization;  0.003578s wall, 0.000000s user + 0.000000s system = 0.000000s CPU (n/a%)

PHY-3001 : Legalized: Len = 29226.8, Over = 0
PHY-3001 : Spreading special nets. 4 overflows in 2952 tiles.
PHY-3001 : End spreading;  0.002454s wall, 0.000000s user + 0.000000s system = 0.000000s CPU (n/a%)

PHY-3001 : 6 instances has been re-located, deltaX = 1, deltaY = 5, maxDist = 1.
PHY-3001 : Final: Len = 29430.8, Over = 0
OPT-1001 : Start physical optimization ...
OPT-1001 : Total overflow 0.00 peak overflow 0.00
OPT-1001 : Start high-fanout net optimization ...
OPT-1001 : Update timing in global mode
PHY-1001 : Start incremental global routing, caller is place ...
RUN-1001 : Generating global routing grids ...
PHY-1001 : Generate routing nets ...
PHY-1001 : Reuse net number 109/1047.
PHY-1001 : Global iterations in 32 thread ...
PHY-1002 : len = 35352, over cnt = 110(0%), over = 160, worst = 4
PHY-1002 : len = 35888, over cnt = 53(0%), over = 72, worst = 4
PHY-1002 : len = 36248, over cnt = 27(0%), over = 35, worst = 3
PHY-1002 : len = 36688, over cnt = 0(0%), over = 0, worst = 0
PHY-1001 : End global iterations;  0.080881s wall, 0.031250s user + 0.046875s system = 0.078125s CPU (96.6%)

PHY-1001 : Congestion index: top1 = 26.21, top5 = 17.40, top10 = 11.92, top15 = 8.43.
PHY-1001 : End incremental global routing;  0.115364s wall, 0.062500s user + 0.046875s system = 0.109375s CPU (94.8%)

RUN-1002 : start command "start_timer -report"
TMR-5001 WARNING: No sdc constraints found while initiating timer.
TMR-2505 : Start building timing graph for model top.
TMR-2506 : Build timing graph completely. Port num: 9, tpin num: 4069, tnet num: 1045, tinst num: 528, tnode num: 4524, tedge num: 6850.
TMR-2508 : Levelizing timing graph completed, there are 225 levels in total.
TMR-2501 : Timing graph initialized successfully.
OPT-1001 : End timing update;  0.176522s wall, 0.156250s user + 0.015625s system = 0.171875s CPU (97.4%)

OPT-1001 : 0 high-fanout net processed.
OPT-1001 : End high-fanout net optimization;  0.299588s wall, 0.218750s user + 0.062500s system = 0.281250s CPU (93.9%)

OPT-1001 : Current memory(MB): used = 186, reserve = 156, peak = 186.
OPT-1001 : Update timing in Manhattan mode
OPT-1001 : End timing update;  0.000498s wall, 0.000000s user + 0.000000s system = 0.000000s CPU (n/a%)

OPT-1001 : Start pin optimization...
OPT-1001 : skip pin optimization...
RUN-1001 : Generating global routing grids ...
PHY-1001 : Generate routing nets ...
PHY-1001 : Reuse net number 869/1047.
PHY-1001 : Global iterations in 32 thread ...
PHY-1002 : len = 36688, over cnt = 0(0%), over = 0, worst = 0
PHY-1001 : End global iterations;  0.001758s wall, 0.000000s user + 0.000000s system = 0.000000s CPU (n/a%)

PHY-1001 : Congestion index: top1 = 26.21, top5 = 17.40, top10 = 11.92, top15 = 8.43.
OPT-1001 : Update timing in Manhattan mode
OPT-1001 : End timing update;  0.000923s wall, 0.000000s user + 0.000000s system = 0.000000s CPU (n/a%)

RUN-1001 : QoR Analysis:
OPT-0007 :   WNS 2147483647 TNS 0 NUM_FEPS 0
RUN-1001 :   No local congestion issue, and most congested 1% tile average routing util is 25.689655
RUN-1001 :   Top critical paths
OPT-1001 : End physical optimization;  0.335643s wall, 0.250000s user + 0.062500s system = 0.312500s CPU (93.1%)

RUN-1003 : finish command "place" in  9.639335s wall, 9.578125s user + 12.265625s system = 21.843750s CPU (226.6%)

RUN-1004 : used memory is 152 MB, reserved memory is 123 MB, peak memory is 187 MB
RUN-1002 : start command "export_db calculator_place.db"
RUN-1001 : Exported /
RUN-1001 : Exported flow parameters
RUN-1001 : Exported libs
RUN-1001 : Exported entities
RUN-1001 : Exported ports
RUN-1001 : Exported pins
RUN-1001 : Exported instances
RUN-1001 : Exported nets
RUN-1001 : Exported buses
RUN-1001 : Exported models
RUN-1001 : Exported congestions
RUN-1001 : Exported violations
RUN-1001 : Exported IO constraints
RUN-1001 : Exported Inst constraints
RUN-1002 : start command "route"
RUN-1001 : Open license file E:/Programs/Anlogic/TD5.6.2/license/Anlogic.lic
RUN-1001 : Print Global Property
RUN-1001 : ---------------------------------------------------------------
RUN-1001 :        Parameters        |  Settings  |  Default Values  |  Note  
RUN-1001 : ---------------------------------------------------------------
RUN-1001 :          message         |  standard  |     standard     |        
RUN-1001 :   mixed_pack_place_flow  |     on     |        on        |        
RUN-1001 :        qor_monitor       |    off     |       off        |        
RUN-1001 :        syn_ip_flow       |    off     |       off        |        
RUN-1001 :          thread          |    auto    |       auto       |        
RUN-1001 : ---------------------------------------------------------------
RUN-1001 : Print Route Property
RUN-1001 : -------------------------------------------------------
RUN-1001 :    Parameters    |  Settings  |  Default Values  |  Note  
RUN-1001 : -------------------------------------------------------
RUN-1001 :      effort      |   medium   |      medium      |        
RUN-1001 :     fix_hold     |    off     |       off        |        
RUN-1001 :    opt_timing    |   medium   |      medium      |        
RUN-1001 :   phy_sim_model  |    off     |       off        |        
RUN-1001 :     priority     |   timing   |      timing      |        
RUN-1001 :     swap_pin     |     on     |        on        |        
RUN-1001 : -------------------------------------------------------
PHY-1001 : Route runs in 32 thread(s)
RUN-1001 : There are total 530 instances
RUN-1001 : 242 mslices, 243 lslices, 39 pads, 0 brams, 2 dsps
RUN-1001 : There are total 1047 nets
RUN-1001 : 600 nets have 2 pins
RUN-1001 : 303 nets have [3 - 5] pins
RUN-1001 : 109 nets have [6 - 10] pins
RUN-1001 : 14 nets have [11 - 20] pins
RUN-1001 : 18 nets have [21 - 99] pins
RUN-1001 : 3 nets have 100+ pins
RUN-1002 : start command "start_timer -report"
TMR-5001 WARNING: No sdc constraints found while initiating timer.
TMR-2505 : Start building timing graph for model top.
TMR-2506 : Build timing graph completely. Port num: 9, tpin num: 4069, tnet num: 1045, tinst num: 528, tnode num: 4524, tedge num: 6850.
TMR-2508 : Levelizing timing graph completed, there are 225 levels in total.
TMR-2501 : Timing graph initialized successfully.
PHY-1001 : 242 mslices, 243 lslices, 39 pads, 0 brams, 2 dsps
TMR-2503 : Start to update net delay, extr mode = 3.
TMR-2504 : Update delay of 1045 nets completely.
TMR-2502 : Annotate delay completely, extr mode = 3.
TMR-3002 : No user constraint, initiate default constraint.
TMR-1501 : Assign derive clock DeriveClock to 270 clock pins, and constraint 455 relative nodes.
TMR-3003 : Constraints initiated successfully.
TMR-3501 : Forward propagation: start to calculate arrival time...
TMR-3502 : Backward propagation: start to calculate required time...
TMR-3503 : Timing propagation completes.
PHY-1001 : Start global routing, caller is route ...
RUN-1001 : Generating global routing grids ...
PHY-1001 : Generate routing nets ...
PHY-1001 : Global iterations in 32 thread ...
PHY-1002 : len = 35056, over cnt = 113(0%), over = 166, worst = 4
PHY-1002 : len = 35720, over cnt = 48(0%), over = 67, worst = 4
PHY-1002 : len = 36288, over cnt = 8(0%), over = 9, worst = 2
PHY-1002 : len = 36376, over cnt = 0(0%), over = 0, worst = 0
PHY-1001 : End global iterations;  0.089854s wall, 0.093750s user + 0.015625s system = 0.109375s CPU (121.7%)

PHY-1001 : Congestion index: top1 = 26.06, top5 = 17.16, top10 = 11.78, top15 = 8.29.
PHY-1001 : End global routing;  0.136109s wall, 0.156250s user + 0.015625s system = 0.171875s CPU (126.3%)

PHY-1001 : Start detail routing ...
PHY-1001 : Current memory(MB): used = 231, reserve = 202, peak = 258.
PHY-1001 : Detailed router is running in normal mode.
PHY-1001 : Generate detailed routing grids ...
PHY-1001 : Processed IO instance col[3]_syn_4 with INV attribute.
PHY-1001 : Processed IO instance col[2]_syn_4 with INV attribute.
PHY-1001 : Processed IO instance col[1]_syn_4 with INV attribute.
PHY-1001 : Processed IO instance col[0]_syn_4 with INV attribute.
PHY-1001 : Generate nets ...
PHY-1001 : net clk_dup_1 will be routed on clock mesh
PHY-1001 : clock net u_key_driver/clk_syn_4 will be merged with clock u_key_driver/clk
PHY-1001 : Current memory(MB): used = 495, reserve = 471, peak = 495.
PHY-1001 : End build detailed router design. 2.437437s wall, 2.281250s user + 0.078125s system = 2.359375s CPU (96.8%)

PHY-1001 : Detail Route ...
PHY-1001 : ===== Detail Route Phase 1 =====
PHY-1001 : Clock net routing.....
PHY-1001 : Routed 0% nets.
PHY-1022 : len = 9344, over cnt = 0(0%), over = 0, worst = 0, crit = 0
PHY-1001 : End initial clock net routed; 0.197219s wall, 0.203125s user + 0.000000s system = 0.203125s CPU (103.0%)

PHY-1001 : Current memory(MB): used = 524, reserve = 501, peak = 524.
PHY-1001 : End phase 1; 0.201724s wall, 0.203125s user + 0.000000s system = 0.203125s CPU (100.7%)

PHY-1001 : ===== Detail Route Phase 2 =====
PHY-1001 : Initial routing.....
PHY-1001 : Routed 33% nets.
PHY-1001 : Routed 38% nets.
PHY-1001 : Routed 46% nets.
PHY-1001 : Routed 58% nets.
PHY-1001 : Routed 80% nets.
PHY-1022 : len = 103728, over cnt = 31(0%), over = 31, worst = 1, crit = 0
PHY-1001 : Current memory(MB): used = 525, reserve = 501, peak = 525.
PHY-1001 : End initial routed; 0.457105s wall, 0.406250s user + 0.296875s system = 0.703125s CPU (153.8%)

PHY-1001 : Current memory(MB): used = 525, reserve = 501, peak = 525.
PHY-1001 : End phase 2; 0.457166s wall, 0.406250s user + 0.296875s system = 0.703125s CPU (153.8%)

PHY-1001 : ===== Detail Route Phase 3 =====
PHY-1001 : Ripup-reroute.....
PHY-1001 : ===== DR Iter 1 =====
PHY-1022 : len = 103560, over cnt = 0(0%), over = 0, worst = 0, crit = 0
PHY-1001 : End DR Iter 1; 0.013385s wall, 0.015625s user + 0.000000s system = 0.015625s CPU (116.7%)

PHY-1001 : Commit to database.....
PHY-1001 : 6 feed throughs used by 5 nets
PHY-1001 : End commit to database; 0.074968s wall, 0.062500s user + 0.000000s system = 0.062500s CPU (83.4%)

PHY-1001 : Current memory(MB): used = 536, reserve = 513, peak = 536.
PHY-1001 : End phase 3; 0.189121s wall, 0.156250s user + 0.031250s system = 0.187500s CPU (99.1%)

PHY-1003 : Routed, final wirelength = 103560
PHY-1001 : Current memory(MB): used = 537, reserve = 513, peak = 537.
PHY-1001 : End export database. 0.004892s wall, 0.015625s user + 0.000000s system = 0.015625s CPU (319.4%)

PHY-1001 : End detail routing;  3.460546s wall, 3.203125s user + 0.421875s system = 3.625000s CPU (104.8%)

RUN-1003 : finish command "route" in  3.846358s wall, 3.609375s user + 0.437500s system = 4.046875s CPU (105.2%)

RUN-1004 : used memory is 448 MB, reserved memory is 427 MB, peak memory is 537 MB
RUN-1002 : start command "report_area -io_info -file calculator_phy.area"
RUN-1001 : standard
***Report Model: top Device: EG4S20BG256***

IO Statistics
#IO                        39
  #input                   14
  #output                  25
  #inout                    0

Utilization Statistics
#lut                      898   out of  19600    4.58%
#reg                      205   out of  19600    1.05%
#le                       944
  #lut only               739   out of    944   78.28%
  #reg only                46   out of    944    4.87%
  #lut&reg                159   out of    944   16.84%
#dsp                        2   out of     29    6.90%
#bram                       0   out of     64    0.00%
  #bram9k                   0
  #fifo9k                   0
#bram32k                    0   out of     16    0.00%
#pad                       39   out of    188   20.74%
  #ireg                     4
  #oreg                    13
  #treg                     0
#pll                        0   out of      4    0.00%
#gclk                       1   out of     16    6.25%

Clock Resource Statistics
Index     ClockNet            Type               DriverType         Driver                        Fanout
#1        clk_dup_1           GCLK               io                 clk_syn_2.di                  101
#2        u_key_driver/clk    GCLK               lslice             u_div/btnclk_reg_syn_41.q1    34


Detailed IO Report

   Name     Direction    Location    IOStandard    DriveStrength    PullType    PackReg  
   clk        INPUT         R7        LVCMOS25          N/A          PULLUP      NONE    
  col[3]      INPUT        F10        LVCMOS25          N/A          PULLUP      IREG    
  col[2]      INPUT        C11        LVCMOS25          N/A          PULLUP      IREG    
  col[1]      INPUT        D11        LVCMOS25          N/A          PULLUP      IREG    
  col[0]      INPUT        E11        LVCMOS25          N/A          PULLUP      IREG    
  rst_n       INPUT         E3        LVCMOS25          N/A          PULLUP      NONE    
  sw[7]       INPUT        A14        LVCMOS25          N/A          PULLUP      NONE    
  sw[6]       INPUT        A13        LVCMOS25          N/A          PULLUP      NONE    
  sw[5]       INPUT        B12        LVCMOS25          N/A          PULLUP      NONE    
  sw[4]       INPUT        A12        LVCMOS25          N/A          PULLUP      NONE    
  sw[3]       INPUT        A11        LVCMOS25          N/A          PULLUP      NONE    
  sw[2]       INPUT        B10        LVCMOS25          N/A          PULLUP      NONE    
  sw[1]       INPUT        A10        LVCMOS25          N/A          PULLUP      NONE    
  sw[0]       INPUT         A9        LVCMOS25          N/A          PULLUP      NONE    
  an[3]      OUTPUT         A3        LVCMOS25           8            NONE       NONE    
  an[2]      OUTPUT         A5        LVCMOS25           8            NONE       NONE    
  an[1]      OUTPUT         B6        LVCMOS25           8            NONE       NONE    
  an[0]      OUTPUT         C9        LVCMOS25           8            NONE       NONE    
   beep      OUTPUT        H11        LVCMOS25           8            NONE       OREG    
  led[7]     OUTPUT        F16        LVCMOS25           8            NONE       OREG    
  led[6]     OUTPUT        E16        LVCMOS25           8            NONE       OREG    
  led[5]     OUTPUT        E13        LVCMOS25           8            NONE       OREG    
  led[4]     OUTPUT        C16        LVCMOS25           8            NONE       OREG    
  led[3]     OUTPUT        C15        LVCMOS25           8            NONE       OREG    
  led[2]     OUTPUT        B16        LVCMOS25           8            NONE       OREG    
  led[1]     OUTPUT        B15        LVCMOS25           8            NONE       OREG    
  led[0]     OUTPUT        B14        LVCMOS25           8            NONE       OREG    
  row[3]     OUTPUT         D9        LVCMOS25           8            NONE       OREG    
  row[2]     OUTPUT         F9        LVCMOS25           8            NONE       OREG    
  row[1]     OUTPUT        C10        LVCMOS25           8            NONE       OREG    
  row[0]     OUTPUT        E10        LVCMOS25           8            NONE       OREG    
  seg[7]     OUTPUT         C8        LVCMOS25           8            NONE       NONE    
  seg[6]     OUTPUT         A8        LVCMOS25           8            NONE       NONE    
  seg[5]     OUTPUT         B5        LVCMOS25           8            NONE       NONE    
  seg[4]     OUTPUT         A7        LVCMOS25           8            NONE       NONE    
  seg[3]     OUTPUT         E8        LVCMOS25           8            NONE       NONE    
  seg[2]     OUTPUT         B8        LVCMOS25           8            NONE       NONE    
  seg[1]     OUTPUT         A6        LVCMOS25           8            NONE       NONE    
  seg[0]     OUTPUT         A4        LVCMOS25           8            NONE       NONE    

Report Hierarchy Area:
+---------------------------------------------------------------------------------------+
|Instance         |Module          |le     |lut     |ripple  |seq     |bram    |dsp     |
+---------------------------------------------------------------------------------------+
|top              |top             |944    |695     |203     |222     |0       |2       |
|  u_bcd_handler  |bcd_handler     |12     |6       |6       |0       |0       |1       |
|  u_beep         |buzzer_driver   |42     |25      |15      |16      |0       |0       |
|  u_decoder      |key_decoder     |77     |77      |0       |24      |0       |0       |
|  u_disp         |display_driver  |134    |128     |6       |13      |0       |0       |
|  u_div          |divclk          |31     |11      |0       |31      |0       |0       |
|  u_key_driver   |v_ajxd          |47     |23      |0       |47      |0       |0       |
|  u_leds         |led_driver      |8      |8       |0       |0       |0       |0       |
|  u_math         |math_alu        |318    |232     |86      |19      |0       |1       |
|    u_divider    |divider_8bit    |96     |90      |6       |0       |0       |0       |
|    u_multiplier |multiplier_8bit |0      |0       |0       |0       |0       |1       |
+---------------------------------------------------------------------------------------+


DataNet Average Fanout:

   Index     Fanout    Nets  
    #1         1       561   
    #2         2       139   
    #3         3       127   
    #4         4        37   
    #5        5-10     112   
    #6       11-50      26   
    #7       51-100     2    
  Average     2.84           

RUN-1002 : start command "export_db calculator_pr.db"
RUN-1001 : Exported /
RUN-1001 : Exported flow parameters
RUN-1001 : Exported libs
RUN-1001 : Exported entities
RUN-1001 : Exported ports
RUN-1001 : Exported pins
RUN-1001 : Exported instances
RUN-1001 : Exported nets
RUN-1001 : Exported buses
RUN-1001 : Exported models
RUN-1001 : Exported congestions
RUN-1001 : Exported violations
RUN-1001 : Exported IO constraints
RUN-1001 : Exported Inst constraints
RUN-1002 : start command "export_bid calculator_inst.bid"
RUN-1002 : start command "bitgen -bit calculator.bit"
BIT-1003 : Start to generate bitstream. 
BIT-1002 : Init instances with 32 threads.
BIT-1002 : Init instances completely, inst num: 528
BIT-1002 : Init pips with 32 threads.
BIT-1002 : Init pips completely, net num: 1047, pip num: 8710
BIT-1002 : Init feedthrough completely, num: 6
BIT-1003 : Multithreading accelaration with 32 threads.
BIT-1003 : Generate bitstream completely, there are 759 valid insts, and 28555 bits set as '1'.
BIT-1004 : PLL setting string = 0000
BIT-1004 : Generate bits file calculator.bit.
RUN-1003 : finish command "bitgen -bit calculator.bit" in  1.635463s wall, 13.328125s user + 0.718750s system = 14.046875s CPU (858.9%)

RUN-1004 : used memory is 445 MB, reserved memory is 418 MB, peak memory is 728 MB
RUN-1002 : start command "backup_run_log run.log ../.logs/phy_1/td_20251127_090711.log"
