============================================================
   Tang Dynasty, V5.6.71036
      Copyright (c) 2012-2023 Anlogic Inc.
   Executable = E:/Programs/Anlogic/TD5.6.2/bin/td.exe
   Built at =   20:34:38 Mar 21 2023
   Run by =     shear
   Run Date =   Thu Nov 27 09:07:03 2025

   Run on =     SHEARYAH-LAPTOP
============================================================
RUN-1002 : start command "open_project calculator.prj"
RUN-1001 : Print Global Property
RUN-1001 : ---------------------------------------------------------------
RUN-1001 :        Parameters        |  Settings  |  Default Values  |  Note  
RUN-1001 : ---------------------------------------------------------------
RUN-1001 :          message         |  standard  |     standard     |        
RUN-1001 :   mixed_pack_place_flow  |     on     |        on        |        
RUN-1001 :        qor_monitor       |    off     |       off        |        
RUN-1001 :        syn_ip_flow       |    off     |       off        |        
RUN-1001 :          thread          |    auto    |       auto       |        
RUN-1001 : ---------------------------------------------------------------
RUN-1001 : Print Design Property
RUN-1001 : --------------------------------------------------------------
RUN-1001 :        Parameters       |  Settings  |  Default Values  |  Note  
RUN-1001 : --------------------------------------------------------------
RUN-1001 :   default_reg_initial   |    auto    |       auto       |        
RUN-1001 :        infer_add        |     on     |        on        |        
RUN-1001 :        infer_fsm        |    off     |       off        |        
RUN-1001 :        infer_mult       |     on     |        on        |        
RUN-1001 :        infer_ram        |     on     |        on        |        
RUN-1001 :        infer_reg        |     on     |        on        |        
RUN-1001 :   infer_reg_init_value  |     on     |        on        |        
RUN-1001 :        infer_rom        |     on     |        on        |        
RUN-1001 :      infer_shifter      |     on     |        on        |        
RUN-1001 : --------------------------------------------------------------
RUN-1001 : Print Rtl Property
RUN-1001 : --------------------------------------------------------------
RUN-1001 :        Parameters       |  Settings  |  Default Values  |  Note  
RUN-1001 : --------------------------------------------------------------
RUN-1001 :       compress_add      |   ripple   |      ripple      |        
RUN-1001 :        elf_sload        |    off     |       off        |        
RUN-1001 :       fix_undriven      |     0      |        0         |        
RUN-1001 :         flatten         |    off     |       off        |        
RUN-1001 :       gate_sharing      |     on     |        on        |        
RUN-1001 :    hdl_warning_level    |   normal   |      normal      |        
RUN-1001 :   impl_internal_tribuf  |     on     |        on        |        
RUN-1001 :      impl_set_reset     |     on     |        on        |        
RUN-1001 :        infer_gsr        |    off     |       off        |        
RUN-1001 :      keep_hierarchy     |    auto    |       auto       |        
RUN-1001 :        max_fanout       |    9999    |       9999       |        
RUN-1001 :      max_oh2bin_len     |     10     |        10        |        
RUN-1001 :       merge_equal       |     on     |        on        |        
RUN-1001 :       merge_equiv       |     on     |        on        |        
RUN-1001 :        merge_mux        |    off     |       off        |        
RUN-1001 :     min_control_set     |     8      |        8         |        
RUN-1001 :      min_ripple_len     |    auto    |       auto       |        
RUN-1001 :       oh2bin_ratio      |    0.08    |       0.08       |        
RUN-1001 :     opt_adder_fanout    |     on     |        on        |        
RUN-1001 :        opt_arith        |     on     |        on        |        
RUN-1001 :       opt_big_gate      |    off     |       off        |        
RUN-1001 :        opt_const        |     on     |        on        |        
RUN-1001 :      opt_const_mult     |     on     |        on        |        
RUN-1001 :       opt_lessthan      |     on     |        on        |        
RUN-1001 :         opt_mux         |    off     |       off        |        
RUN-1001 :         opt_ram         |    high    |       high       |        
RUN-1001 :      rtl_sim_model      |    off     |       off        |        
RUN-1001 :         seq_syn         |     on     |        on        |        
RUN-1001 : --------------------------------------------------------------
HDL-1007 : analyze verilog file ../../src/alu.v
HDL-1007 : analyze verilog file ../../src/bcd_converter.v
HDL-1007 : analyze verilog file ../../src/buzzer.v
HDL-1007 : analyze verilog file ../../src/calc.v
HDL-1007 : analyze verilog file ../../src/display.v
HDL-1007 : analyze verilog file ../../src/key_scan.v
HDL-1007 : analyze verilog file ../../src/led.v
HDL-1007 : analyze verilog file ../../src/top.v
RUN-1001 : Project manager successfully analyzed 8 source files.
RUN-1002 : start command "import_device eagle_s20.db -package EG4S20BG256"
ARC-1001 : Device Initialization.
ARC-1001 : ------------------------------------------------------------------
ARC-1001 :            OPTION            |          IO          |   SETTING   
ARC-1001 : ------------------------------------------------------------------
ARC-1001 :   cso_b/cclk/mosi/miso/dout  |  T3/R11/T10/P10/S11  |    gpio    
ARC-1001 :             done             |         P13          |    gpio    
ARC-1001 :           program_b          |          T2          |  dedicate  
ARC-1001 :        tdi/tms/tck/tdo       |   C12/A15/C14/E14    |  dedicate  
ARC-1001 : ------------------------------------------------------------------
ARC-1004 : Device setting, marked 5 dedicate IOs in total.
RUN-1002 : start command "elaborate -top top"
RUN-1001 : Print Design Property
RUN-1001 : --------------------------------------------------------------
RUN-1001 :        Parameters       |  Settings  |  Default Values  |  Note  
RUN-1001 : --------------------------------------------------------------
RUN-1001 :   default_reg_initial   |    auto    |       auto       |        
RUN-1001 :        infer_add        |     on     |        on        |        
RUN-1001 :        infer_fsm        |    off     |       off        |        
RUN-1001 :        infer_mult       |     on     |        on        |        
RUN-1001 :        infer_ram        |     on     |        on        |        
RUN-1001 :        infer_reg        |     on     |        on        |        
RUN-1001 :   infer_reg_init_value  |     on     |        on        |        
RUN-1001 :        infer_rom        |     on     |        on        |        
RUN-1001 :      infer_shifter      |     on     |        on        |        
RUN-1001 : --------------------------------------------------------------
RUN-1001 : Print Rtl Property
RUN-1001 : --------------------------------------------------------------
RUN-1001 :        Parameters       |  Settings  |  Default Values  |  Note  
RUN-1001 : --------------------------------------------------------------
RUN-1001 :       compress_add      |   ripple   |      ripple      |        
RUN-1001 :        elf_sload        |    off     |       off        |        
RUN-1001 :       fix_undriven      |     0      |        0         |        
RUN-1001 :         flatten         |    off     |       off        |        
RUN-1001 :       gate_sharing      |     on     |        on        |        
RUN-1001 :    hdl_warning_level    |   normal   |      normal      |        
RUN-1001 :   impl_internal_tribuf  |     on     |        on        |        
RUN-1001 :      impl_set_reset     |     on     |        on        |        
RUN-1001 :        infer_gsr        |    off     |       off        |        
RUN-1001 :      keep_hierarchy     |    auto    |       auto       |        
RUN-1001 :        max_fanout       |    9999    |       9999       |        
RUN-1001 :      max_oh2bin_len     |     10     |        10        |        
RUN-1001 :       merge_equal       |     on     |        on        |        
RUN-1001 :       merge_equiv       |     on     |        on        |        
RUN-1001 :        merge_mux        |    off     |       off        |        
RUN-1001 :     min_control_set     |     8      |        8         |        
RUN-1001 :      min_ripple_len     |    auto    |       auto       |        
RUN-1001 :       oh2bin_ratio      |    0.08    |       0.08       |        
RUN-1001 :     opt_adder_fanout    |     on     |        on        |        
RUN-1001 :        opt_arith        |     on     |        on        |        
RUN-1001 :       opt_big_gate      |    off     |       off        |        
RUN-1001 :        opt_const        |     on     |        on        |        
RUN-1001 :      opt_const_mult     |     on     |        on        |        
RUN-1001 :       opt_lessthan      |     on     |        on        |        
RUN-1001 :         opt_mux         |    off     |       off        |        
RUN-1001 :         opt_ram         |    high    |       high       |        
RUN-1001 :      rtl_sim_model      |    off     |       off        |        
RUN-1001 :         seq_syn         |     on     |        on        |        
RUN-1001 : --------------------------------------------------------------
RUN-1001 : Print Global Property
RUN-1001 : ---------------------------------------------------------------
RUN-1001 :        Parameters        |  Settings  |  Default Values  |  Note  
RUN-1001 : ---------------------------------------------------------------
RUN-1001 :          message         |  standard  |     standard     |        
RUN-1001 :   mixed_pack_place_flow  |     on     |        on        |        
RUN-1001 :        qor_monitor       |    off     |       off        |        
RUN-1001 :        syn_ip_flow       |    off     |       off        |        
RUN-1001 :          thread          |    auto    |       auto       |        
RUN-1001 : ---------------------------------------------------------------
RUN-1001 : Print Design Property
RUN-1001 : --------------------------------------------------------------
RUN-1001 :        Parameters       |  Settings  |  Default Values  |  Note  
RUN-1001 : --------------------------------------------------------------
RUN-1001 :   default_reg_initial   |    auto    |       auto       |        
RUN-1001 :        infer_add        |     on     |        on        |        
RUN-1001 :        infer_fsm        |    off     |       off        |        
RUN-1001 :        infer_mult       |     on     |        on        |        
RUN-1001 :        infer_ram        |     on     |        on        |        
RUN-1001 :        infer_reg        |     on     |        on        |        
RUN-1001 :   infer_reg_init_value  |     on     |        on        |        
RUN-1001 :        infer_rom        |     on     |        on        |        
RUN-1001 :      infer_shifter      |     on     |        on        |        
RUN-1001 : --------------------------------------------------------------
HDL-1007 : elaborate module top in ../../src/top.v(1)
HDL-1007 : elaborate module divclk in ../../src/key_scan.v(2)
HDL-1007 : elaborate module v_ajxd in ../../src/key_scan.v(31)
HDL-1007 : elaborate module key_decoder in ../../src/key_scan.v(80)
HDL-1007 : elaborate module buzzer_driver in ../../src/buzzer.v(1)
HDL-1007 : elaborate module display_driver in ../../src/display.v(1)
HDL-1007 : elaborate module led_driver in ../../src/led.v(1)
HDL-1007 : elaborate module math_alu in ../../src/alu.v(1)
HDL-1007 : elaborate module adder_16bit in ../../src/calc.v(12)
HDL-1007 : elaborate module full_adder in ../../src/calc.v(1)
HDL-1007 : elaborate module multiplier_8bit in ../../src/calc.v(35)
HDL-1007 : elaborate module divider_8bit in ../../src/calc.v(43)
HDL-1007 : elaborate module bcd_handler in ../../src/bcd_converter.v(1)
HDL-5001 WARNING: Contains anonymous inst(s) and/or net(s) that have not been renamed
HDL-1200 : Current top model is top
HDL-1100 : Inferred 0 RAMs.
RUN-1002 : start command "export_db calculator_elaborate.db"
RUN-1001 : Exported /
RUN-1001 : Exported flow parameters
RUN-1001 : Exported libs
RUN-1001 : Exported entities
RUN-1001 : Exported ports
RUN-1001 : Exported pins
RUN-1001 : Exported instances
RUN-1001 : Exported nets
RUN-1001 : Exported buses
RUN-1001 : Exported models
RUN-1001 : Exported congestions
RUN-1001 : Exported violations
RUN-1001 : Exported IO constraints
RUN-1001 : Exported Inst constraints
RUN-1002 : start command "read_adc ../../calculator.adc"
RUN-1002 : start command "set_pin_assignment  an[0]   LOCATION = C9; IOSTANDARD = LVCMOS25; DRIVESTRENGTH = 8; PULLTYPE = NONE; "
RUN-1002 : start command "set_pin_assignment  an[1]   LOCATION = B6; IOSTANDARD = LVCMOS25; DRIVESTRENGTH = 8; PULLTYPE = NONE; "
RUN-1002 : start command "set_pin_assignment  an[2]   LOCATION = A5; IOSTANDARD = LVCMOS25; DRIVESTRENGTH = 8; PULLTYPE = NONE; "
RUN-1002 : start command "set_pin_assignment  an[3]   LOCATION = A3; IOSTANDARD = LVCMOS25; DRIVESTRENGTH = 8; PULLTYPE = NONE; "
RUN-1002 : start command "set_pin_assignment  beep   LOCATION = H11; IOSTANDARD = LVCMOS25; DRIVESTRENGTH = 8; PULLTYPE = NONE; "
RUN-1002 : start command "set_pin_assignment  clk   LOCATION = R7; IOSTANDARD = LVCMOS25; PULLTYPE = PULLUP; "
RUN-1002 : start command "set_pin_assignment  col[0]   LOCATION = E11; IOSTANDARD = LVCMOS25; PULLTYPE = PULLUP; "
RUN-1002 : start command "set_pin_assignment  col[1]   LOCATION = D11; IOSTANDARD = LVCMOS25; PULLTYPE = PULLUP; "
RUN-1002 : start command "set_pin_assignment  col[2]   LOCATION = C11; IOSTANDARD = LVCMOS25; PULLTYPE = PULLUP; "
RUN-1002 : start command "set_pin_assignment  col[3]   LOCATION = F10; IOSTANDARD = LVCMOS25; PULLTYPE = PULLUP; "
RUN-1002 : start command "set_pin_assignment  led[0]   LOCATION = B14; IOSTANDARD = LVCMOS25; DRIVESTRENGTH = 8; PULLTYPE = NONE; "
RUN-1002 : start command "set_pin_assignment  led[1]   LOCATION = B15; IOSTANDARD = LVCMOS25; DRIVESTRENGTH = 8; PULLTYPE = NONE; "
RUN-1002 : start command "set_pin_assignment  led[2]   LOCATION = B16; IOSTANDARD = LVCMOS25; DRIVESTRENGTH = 8; PULLTYPE = NONE; "
RUN-1002 : start command "set_pin_assignment  led[3]   LOCATION = C15; IOSTANDARD = LVCMOS25; DRIVESTRENGTH = 8; PULLTYPE = NONE; "
RUN-1002 : start command "set_pin_assignment  led[4]   LOCATION = C16; IOSTANDARD = LVCMOS25; DRIVESTRENGTH = 8; PULLTYPE = NONE; "
RUN-1002 : start command "set_pin_assignment  led[5]   LOCATION = E13; IOSTANDARD = LVCMOS25; DRIVESTRENGTH = 8; PULLTYPE = NONE; "
RUN-1002 : start command "set_pin_assignment  led[6]   LOCATION = E16; IOSTANDARD = LVCMOS25; DRIVESTRENGTH = 8; PULLTYPE = NONE; "
RUN-1002 : start command "set_pin_assignment  led[7]   LOCATION = F16; IOSTANDARD = LVCMOS25; DRIVESTRENGTH = 8; PULLTYPE = NONE; "
RUN-1002 : start command "set_pin_assignment  row[0]   LOCATION = E10; IOSTANDARD = LVCMOS25; DRIVESTRENGTH = 8; PULLTYPE = NONE; "
RUN-1002 : start command "set_pin_assignment  row[1]   LOCATION = C10; IOSTANDARD = LVCMOS25; DRIVESTRENGTH = 8; PULLTYPE = NONE; "
RUN-1002 : start command "set_pin_assignment  row[2]   LOCATION = F9; IOSTANDARD = LVCMOS25; DRIVESTRENGTH = 8; PULLTYPE = NONE; "
RUN-1002 : start command "set_pin_assignment  row[3]   LOCATION = D9; IOSTANDARD = LVCMOS25; DRIVESTRENGTH = 8; PULLTYPE = NONE; "
RUN-1002 : start command "set_pin_assignment  rst_n   LOCATION = E3; IOSTANDARD = LVCMOS25; PULLTYPE = PULLUP; "
RUN-1002 : start command "set_pin_assignment  seg[0]   LOCATION = A4; IOSTANDARD = LVCMOS25; DRIVESTRENGTH = 8; PULLTYPE = NONE; "
RUN-1002 : start command "set_pin_assignment  seg[1]   LOCATION = A6; IOSTANDARD = LVCMOS25; DRIVESTRENGTH = 8; PULLTYPE = NONE; "
RUN-1002 : start command "set_pin_assignment  seg[2]   LOCATION = B8; IOSTANDARD = LVCMOS25; DRIVESTRENGTH = 8; PULLTYPE = NONE; "
RUN-1002 : start command "set_pin_assignment  seg[3]   LOCATION = E8; IOSTANDARD = LVCMOS25; DRIVESTRENGTH = 8; PULLTYPE = NONE; "
RUN-1002 : start command "set_pin_assignment  seg[4]   LOCATION = A7; IOSTANDARD = LVCMOS25; DRIVESTRENGTH = 8; PULLTYPE = NONE; "
RUN-1002 : start command "set_pin_assignment  seg[5]   LOCATION = B5; IOSTANDARD = LVCMOS25; DRIVESTRENGTH = 8; PULLTYPE = NONE; "
RUN-1002 : start command "set_pin_assignment  seg[6]   LOCATION = A8; IOSTANDARD = LVCMOS25; DRIVESTRENGTH = 8; PULLTYPE = NONE; "
RUN-1002 : start command "set_pin_assignment  seg[7]   LOCATION = C8; IOSTANDARD = LVCMOS25; DRIVESTRENGTH = 8; PULLTYPE = NONE; "
RUN-1002 : start command "set_pin_assignment  sw[0]   LOCATION = A9; IOSTANDARD = LVCMOS25; PULLTYPE = PULLUP; "
RUN-1002 : start command "set_pin_assignment  sw[1]   LOCATION = A10; IOSTANDARD = LVCMOS25; PULLTYPE = PULLUP; "
RUN-1002 : start command "set_pin_assignment  sw[2]   LOCATION = B10; IOSTANDARD = LVCMOS25; PULLTYPE = PULLUP; "
RUN-1002 : start command "set_pin_assignment  sw[3]   LOCATION = A11; IOSTANDARD = LVCMOS25; PULLTYPE = PULLUP; "
RUN-1002 : start command "set_pin_assignment  sw[4]   LOCATION = A12; IOSTANDARD = LVCMOS25; PULLTYPE = PULLUP; "
RUN-1002 : start command "set_pin_assignment  sw[5]   LOCATION = B12; IOSTANDARD = LVCMOS25; PULLTYPE = PULLUP; "
RUN-1002 : start command "set_pin_assignment  sw[6]   LOCATION = A13; IOSTANDARD = LVCMOS25; PULLTYPE = PULLUP; "
RUN-1002 : start command "set_pin_assignment  sw[7]   LOCATION = A14; IOSTANDARD = LVCMOS25; PULLTYPE = PULLUP; "
RUN-1001 : Starting of IO setups legality check.
RUN-1001 : Starting of IO setups legality check.
RUN-1001 : Starting of IO vref setups legality check.
RUN-1002 : start command "optimize_rtl"
RUN-1001 : Open license file E:/Programs/Anlogic/TD5.6.2/license/Anlogic.lic
RUN-1001 : Print Global Property
RUN-1001 : ---------------------------------------------------------------
RUN-1001 :        Parameters        |  Settings  |  Default Values  |  Note  
RUN-1001 : ---------------------------------------------------------------
RUN-1001 :          message         |  standard  |     standard     |        
RUN-1001 :   mixed_pack_place_flow  |     on     |        on        |        
RUN-1001 :        qor_monitor       |    off     |       off        |        
RUN-1001 :        syn_ip_flow       |    off     |       off        |        
RUN-1001 :          thread          |    auto    |       auto       |        
RUN-1001 : ---------------------------------------------------------------
RUN-1001 : Print Rtl Property
RUN-1001 : --------------------------------------------------------------
RUN-1001 :        Parameters       |  Settings  |  Default Values  |  Note  
RUN-1001 : --------------------------------------------------------------
RUN-1001 :       compress_add      |   ripple   |      ripple      |        
RUN-1001 :        elf_sload        |    off     |       off        |        
RUN-1001 :       fix_undriven      |     0      |        0         |        
RUN-1001 :         flatten         |    off     |       off        |        
RUN-1001 :       gate_sharing      |     on     |        on        |        
RUN-1001 :    hdl_warning_level    |   normal   |      normal      |        
RUN-1001 :   impl_internal_tribuf  |     on     |        on        |        
RUN-1001 :      impl_set_reset     |     on     |        on        |        
RUN-1001 :        infer_gsr        |    off     |       off        |        
RUN-1001 :      keep_hierarchy     |    auto    |       auto       |        
RUN-1001 :        max_fanout       |    9999    |       9999       |        
RUN-1001 :      max_oh2bin_len     |     10     |        10        |        
RUN-1001 :       merge_equal       |     on     |        on        |        
RUN-1001 :       merge_equiv       |     on     |        on        |        
RUN-1001 :        merge_mux        |    off     |       off        |        
RUN-1001 :     min_control_set     |     8      |        8         |        
RUN-1001 :      min_ripple_len     |    auto    |       auto       |        
RUN-1001 :       oh2bin_ratio      |    0.08    |       0.08       |        
RUN-1001 :     opt_adder_fanout    |     on     |        on        |        
RUN-1001 :        opt_arith        |     on     |        on        |        
RUN-1001 :       opt_big_gate      |    off     |       off        |        
RUN-1001 :        opt_const        |     on     |        on        |        
RUN-1001 :      opt_const_mult     |     on     |        on        |        
RUN-1001 :       opt_lessthan      |     on     |        on        |        
RUN-1001 :         opt_mux         |    off     |       off        |        
RUN-1001 :         opt_ram         |    high    |       high       |        
RUN-1001 :      rtl_sim_model      |    off     |       off        |        
RUN-1001 :         seq_syn         |     on     |        on        |        
RUN-1001 : --------------------------------------------------------------
SYN-1012 : SanityCheck: Model "top"
SYN-1012 : SanityCheck: Model "bcd_handler"
SYN-1012 : SanityCheck: Model "buzzer_driver"
SYN-1012 : SanityCheck: Model "key_decoder"
SYN-1012 : SanityCheck: Model "display_driver"
SYN-1012 : SanityCheck: Model "divclk"
SYN-1012 : SanityCheck: Model "v_ajxd"
SYN-1012 : SanityCheck: Model "led_driver"
SYN-1012 : SanityCheck: Model "math_alu"
SYN-1012 : SanityCheck: Model "adder_16bit"
SYN-1012 : SanityCheck: Model "full_adder"
SYN-1012 : SanityCheck: Model "divider_8bit"
SYN-1012 : SanityCheck: Model "multiplier_8bit"
SYN-1011 : Flatten model top
SYN-1032 : 2678/295 useful/useless nets, 1241/13 useful/useless insts
SYN-1001 : Optimize 16 less-than instances
SYN-1016 : Merged 13225 instances.
SYN-1032 : 1821/1580 useful/useless nets, 820/1013 useful/useless insts
SYN-1016 : Merged 51 instances.
SYN-1032 : 1725/52 useful/useless nets, 1464/148 useful/useless insts
SYN-1014 : Optimize round 1
SYN-1017 : Remove 2 const input seq instances
SYN-1002 :     reg6_syn_4
SYN-1002 :     u_beep/reg0_syn_19
SYN-1018 : Transformed 20 mux instances.
SYN-1019 : Optimized 36 mux instances.
SYN-1021 : Optimized 56 onehot mux instances.
SYN-1020 : Optimized 98 distributor mux.
SYN-1001 : Optimize 2 less-than instances
SYN-1019 : Optimized 11 mux instances.
SYN-1016 : Merged 113 instances.
SYN-1015 : Optimize round 1, 622 better
SYN-1014 : Optimize round 2
SYN-1044 : Optimized 3 inv instances.
SYN-1032 : 1464/12 useful/useless nets, 1206/142 useful/useless insts
SYN-1019 : Optimized 30 mux instances.
SYN-1016 : Merged 1 instances.
SYN-1015 : Optimize round 2, 187 better
SYN-3003 : Optimized 1 equivalent DFF(s)
SYN-3003 : Optimized 1 equivalent DFF(s)
SYN-3003 : Optimized 1 equivalent DFF(s)
SYN-3003 : Optimized 1 equivalent DFF(s)
SYN-3003 : Optimized 1 equivalent DFF(s)
SYN-3003 : Optimized 1 equivalent DFF(s)
SYN-3004 : Optimized 1 const0 DFF(s)
SYN-1032 : 1440/23 useful/useless nets, 1188/10 useful/useless insts
SYN-1014 : Optimize round 1
SYN-1015 : Optimize round 1, 1 better
SYN-1014 : Optimize round 2
SYN-1015 : Optimize round 2, 0 better
RUN-1003 : finish command "optimize_rtl" in  6.502483s wall, 5.718750s user + 0.062500s system = 5.781250s CPU (88.9%)

RUN-1004 : used memory is 118 MB, reserved memory is 87 MB, peak memory is 125 MB
RUN-1002 : start command "report_area -file calculator_rtl.area"
RUN-1001 : standard
***Report Model: top Device: EG4S20BG256***

IO Statistics
#IO                        39
  #input                   14
  #output                  25
  #inout                    0

Gate Statistics
#Basic gates              737
  #and                    110
  #nand                     0
  #or                     186
  #nor                      0
  #xor                     17
  #xnor                     0
  #buf                      0
  #not                     84
  #bufif1                   0
  #MX21                   123
  #FADD                     0
  #DFF                    217
  #LATCH                    0
#MACRO_ADD                 98
#MACRO_EQ                  37
#MACRO_MULT                 3
#MACRO_MUX                311

Report Hierarchy Area:
+-------------------------------------------------------------------+
|Instance                  |Module          |gates  |seq    |macros |
+-------------------------------------------------------------------+
|top                       |top             |520    |217    |138    |
|  u_bcd_handler           |bcd_handler     |0      |0      |5      |
|  u_beep                  |buzzer_driver   |7      |18     |18     |
|  u_decoder               |key_decoder     |160    |21     |2      |
|  u_disp                  |display_driver  |26     |10     |60     |
|  u_div                   |divclk          |1      |33     |2      |
|  u_key_driver            |v_ajxd          |57     |52     |4      |
|  u_leds                  |led_driver      |1      |8      |0      |
|  u_math                  |math_alu        |214    |19     |36     |
|    u_adder_subtractor    |adder_16bit     |65     |0      |0      |
|      adder_loop[0]$u_fa  |full_adder      |7      |0      |0      |
|      adder_loop[14]$u_fa |full_adder      |1      |0      |0      |
|      adder_loop[15]$u_fa |full_adder      |1      |0      |0      |
|      adder_loop[1]$u_fa  |full_adder      |7      |0      |0      |
|      adder_loop[2]$u_fa  |full_adder      |7      |0      |0      |
|      adder_loop[3]$u_fa  |full_adder      |7      |0      |0      |
|      adder_loop[4]$u_fa  |full_adder      |7      |0      |0      |
|      adder_loop[5]$u_fa  |full_adder      |7      |0      |0      |
|      adder_loop[6]$u_fa  |full_adder      |7      |0      |0      |
|      adder_loop[7]$u_fa  |full_adder      |5      |0      |0      |
|      adder_loop[8]$u_fa  |full_adder      |1      |0      |0      |
|    u_divider             |divider_8bit    |100    |0      |32     |
|    u_multiplier          |multiplier_8bit |0      |0      |1      |
+-------------------------------------------------------------------+

RUN-1002 : start command "export_db calculator_rtl.db"
RUN-1001 : Exported /
RUN-1001 : Exported flow parameters
RUN-1001 : Exported libs
RUN-1001 : Exported entities
RUN-1001 : Exported ports
RUN-1001 : Exported pins
RUN-1001 : Exported instances
RUN-1001 : Exported nets
RUN-1001 : Exported buses
RUN-1001 : Exported models
RUN-1001 : Exported congestions
RUN-1001 : Exported violations
RUN-1001 : Exported IO constraints
RUN-1001 : Exported Inst constraints
RUN-1002 : start command "optimize_gate -maparea calculator_gate.area"
RUN-1001 : Open license file E:/Programs/Anlogic/TD5.6.2/license/Anlogic.lic
RUN-1001 : Print Global Property
RUN-1001 : ---------------------------------------------------------------
RUN-1001 :        Parameters        |  Settings  |  Default Values  |  Note  
RUN-1001 : ---------------------------------------------------------------
RUN-1001 :          message         |  standard  |     standard     |        
RUN-1001 :   mixed_pack_place_flow  |     on     |        on        |        
RUN-1001 :        qor_monitor       |    off     |       off        |        
RUN-1001 :        syn_ip_flow       |    off     |       off        |        
RUN-1001 :          thread          |    auto    |       auto       |        
RUN-1001 : ---------------------------------------------------------------
RUN-1001 : Print Gate Property
RUN-1001 : ------------------------------------------------------------------
RUN-1001 :          Parameters         |  Settings  |  Default Values  |  Note  
RUN-1001 : ------------------------------------------------------------------
RUN-1001 :         cascade_dsp         |    off     |       off        |        
RUN-1001 :         cascade_eram        |    off     |       off        |        
RUN-1001 :        gate_sim_model       |    off     |       off        |        
RUN-1001 :        map_sim_model        |    off     |       off        |        
RUN-1001 :         map_strategy        |     1      |        1         |        
RUN-1001 :           opt_area          |   medium   |      medium      |        
RUN-1001 :          opt_timing         |    auto    |       auto       |        
RUN-1001 :         pack_effort         |   medium   |      medium      |        
RUN-1001 :      pack_lslice_ripple     |     on     |        on        |        
RUN-1001 :   pack_lslice_ripple_ratio  |    0.5     |       0.5        |        
RUN-1001 :        pack_seq_in_io       |    auto    |       auto       |        
RUN-1001 :        ph1_mux_ratio        |    1.0     |       1.0        |        
RUN-1001 :            report           |  standard  |     standard     |        
RUN-1001 :           retiming          |    off     |       off        |        
RUN-1001 : ------------------------------------------------------------------
SYN-2001 : Map 39 IOs to PADs
SYN-1032 : 1471/8 useful/useless nets, 1215/12 useful/useless insts
RUN-1002 : start command "update_pll_param -module top"
SYN-2501 : Processed 0 LOGIC_BUF instances.
SYN-2571 : Map 3 macro multiplier
SYN-2571 : Optimize after map_dsp, round 1
SYN-2571 : Optimize after map_dsp, round 1, 0 better
SYN-1001 : Throwback 32 control mux instances
SYN-1001 : Convert 31 adder
SYN-2501 : Optimize round 1
SYN-1032 : 1876/256 useful/useless nets, 1623/16 useful/useless insts
SYN-1016 : Merged 196 instances.
SYN-2501 : Optimize round 1, 840 better
SYN-2501 : Optimize round 2
SYN-2501 : Optimize round 2, 0 better
SYN-2501 : Map 98 macro adder
SYN-3001 : Mapper mapped 15 instances into 1 LUTs, name keeping = 100%.
SYN-3001 : Mapper mapped 15 instances into 1 LUTs, name keeping = 100%.
SYN-3001 : Mapper mapped 15 instances into 1 LUTs, name keeping = 100%.
SYN-3001 : Mapper mapped 15 instances into 1 LUTs, name keeping = 100%.
SYN-3001 : Mapper mapped 15 instances into 1 LUTs, name keeping = 100%.
SYN-3001 : Mapper mapped 15 instances into 1 LUTs, name keeping = 100%.
SYN-3001 : Mapper mapped 15 instances into 1 LUTs, name keeping = 100%.
SYN-2501 : Inferred 7 ROM instances
SYN-1019 : Optimized 32 mux instances.
SYN-1016 : Merged 75 instances.
SYN-1032 : 2498/293 useful/useless nets, 2245/0 useful/useless insts
SYN-3001 : Running gate level optimization.
SYN-2581 : Mapping with K=5, #lut = 476 (3.65), #lev = 11 (4.05)
SYN-2551 : Post LUT mapping optimization.
SYN-2581 : Mapping with K=5, #lut = 476 (3.65), #lev = 11 (4.05)
SYN-3001 : Logic optimization runtime opt =   0.05 sec, map =   0.00 sec
SYN-3001 : Mapper mapped 1476 instances into 478 LUTs, name keeping = 52%.
SYN-3001 : Mapper removed 1 lut buffers
RUN-1002 : start command "report_area -file calculator_gate.area"
RUN-1001 : standard
***Report Model: top Device: EG4S20BG256***

IO Statistics
#IO                        39
  #input                   14
  #output                  25
  #inout                    0

LUT Statistics
#Total_luts               997
  #lut4                   368
  #lut5                   116
  #lut6                     0
  #lut5_mx41                0
  #lut4_alu1b             513

Utilization Statistics
#lut                      997   out of  19600    5.09%
#reg                      205   out of  19600    1.05%
#le                         0
#dsp                        2   out of     29    6.90%
#bram                       0   out of     64    0.00%
  #bram9k                   0
  #fifo9k                   0
#bram32k                    0   out of     16    0.00%
#pad                       39   out of    188   20.74%
  #ireg                     4
  #oreg                    13
  #treg                     0
#pll                        0   out of      4    0.00%

Report Hierarchy Area:
+-------------------------------------------------------------------------------+
|Instance         |Module          |lut     |ripple  |seq     |bram    |dsp     |
+-------------------------------------------------------------------------------+
|top              |top             |484     |513     |222     |0       |2       |
|  u_bcd_handler  |bcd_handler     |0       |11      |0       |0       |1       |
|  u_beep         |buzzer_driver   |3       |37      |18      |0       |0       |
|  u_decoder      |key_decoder     |91      |0       |21      |0       |0       |
|  u_disp         |display_driver  |119     |0       |10      |0       |0       |
|  u_div          |divclk          |11      |0       |33      |0       |0       |
|  u_key_driver   |v_ajxd          |16      |0       |48      |0       |0       |
|  u_leds         |led_driver      |8       |0       |0       |0       |0       |
|  u_math         |math_alu        |146     |201     |19      |0       |1       |
|    u_divider    |divider_8bit    |84      |11      |0       |0       |0       |
|    u_multiplier |multiplier_8bit |0       |0       |0       |0       |1       |
+-------------------------------------------------------------------------------+

SYN-1001 : Packing model "top" ...
SYN-4010 : Pack lib has 58 rtl pack models with 25 top pack blocks
SYN-1014 : Optimize round 1
SYN-1015 : Optimize round 1, 0 better
SYN-4002 : Packing 205 DFF/LATCH to SEQ ...
SYN-4009 : Pack 13 carry chain into lslice
SYN-4007 : Packing 256 adder to BLE ...
SYN-4008 : Packed 256 adder and 10 SEQ to BLE.
SYN-4007 : Packing 0 gate4 to BLE ...
SYN-4008 : Packed 0 gate4 and 0 SEQ to BLE.
SYN-4012 : Packed 0 FxMUX
RUN-1002 : start command "legalize_phy_inst"
SYN-1011 : Flatten model top
RUN-1002 : start command "export_db calculator_gate.db"
RUN-1001 : Exported /
RUN-1001 : Exported flow parameters
RUN-1001 : Exported libs
RUN-1001 : Exported entities
RUN-1001 : Exported ports
RUN-1001 : Exported pins
RUN-1001 : Exported instances
RUN-1001 : Exported nets
RUN-1001 : Exported buses
RUN-1001 : Exported models
RUN-1001 : Exported congestions
RUN-1001 : Exported violations
RUN-1001 : Exported IO constraints
RUN-1001 : Exported Inst constraints
RUN-1002 : start command "backup_run_log run.log ../.logs/syn_1/td_20251127_090703.log"
